{"contracts\\Builder.sol":{"l":{"53":3,"55":3,"56":3,"58":3,"59":3,"60":3,"61":3,"80":0,"81":0,"84":0,"85":0,"87":0,"89":0,"90":0,"109":0,"110":0,"112":0,"113":0,"115":0,"116":0,"134":0,"135":0,"137":0,"139":0,"147":0,"148":0,"149":0,"157":0,"158":0,"159":0,"167":0,"175":0,"183":0,"192":0,"193":0,"194":0,"200":0,"202":0,"206":0,"208":0,"212":0,"214":0,"218":0,"220":0},"path":"C:\\Github\\SeedFarm\\contracts\\Builder.sol","s":{"1":3,"2":3,"3":3,"4":3,"5":3,"6":3,"7":3,"8":0,"9":0,"10":0,"11":0,"12":0,"13":0,"14":0,"15":0,"16":0,"17":0,"18":0,"19":0,"20":0,"21":0,"22":0,"23":0,"24":0,"25":0,"26":0,"27":0,"28":0,"29":0,"30":0,"31":0,"32":0,"33":0,"34":0,"35":0,"36":0,"37":0,"38":0,"39":0,"40":0,"41":0},"b":{"1":[0,0],"2":[0,0],"3":[0,0],"4":[0,0],"5":[0,0],"6":[0,0],"7":[0,0]},"f":{"1":3,"2":0,"3":0,"4":0,"5":0,"6":0,"7":0,"8":0,"9":0,"10":0,"11":0,"12":0,"13":0,"14":0},"fnMap":{"1":{"name":"constructor","line":49,"loc":{"start":{"line":49,"column":4},"end":{"line":62,"column":4}}},"2":{"name":"placeStructure","line":78,"loc":{"start":{"line":77,"column":4},"end":{"line":91,"column":4}}},"3":{"name":"removeStructure","line":107,"loc":{"start":{"line":106,"column":4},"end":{"line":117,"column":4}}},"4":{"name":"withdrawTileYield","line":132,"loc":{"start":{"line":131,"column":4},"end":{"line":140,"column":4}}},"5":{"name":"calculateReward","line":146,"loc":{"start":{"line":146,"column":5},"end":{"line":150,"column":4}}},"6":{"name":"calculateYieldTime","line":156,"loc":{"start":{"line":156,"column":4},"end":{"line":160,"column":4}}},"7":{"name":"getMap","line":166,"loc":{"start":{"line":166,"column":4},"end":{"line":168,"column":4}}},"8":{"name":"getStaked","line":174,"loc":{"start":{"line":174,"column":4},"end":{"line":176,"column":4}}},"9":{"name":"getHouses","line":182,"loc":{"start":{"line":182,"column":4},"end":{"line":184,"column":4}}},"10":{"name":"isReadyForWithdraw","line":191,"loc":{"start":{"line":191,"column":5},"end":{"line":196,"column":5}}},"11":{"name":"onlyOwner","line":199,"loc":{"start":{"line":199,"column":4},"end":{"line":203,"column":4}}},"12":{"name":"priced","line":205,"loc":{"start":{"line":205,"column":4},"end":{"line":209,"column":4}}},"13":{"name":"unique","line":211,"loc":{"start":{"line":211,"column":4},"end":{"line":215,"column":4}}},"14":{"name":"staking","line":217,"loc":{"start":{"line":217,"column":4},"end":{"line":221,"column":4}}}},"statementMap":{"1":{"start":{"line":53,"column":8},"end":{"line":53,"column":25}},"2":{"start":{"line":55,"column":8},"end":{"line":55,"column":17}},"3":{"start":{"line":56,"column":8},"end":{"line":56,"column":19}},"4":{"start":{"line":58,"column":8},"end":{"line":58,"column":47}},"5":{"start":{"line":59,"column":8},"end":{"line":59,"column":30}},"6":{"start":{"line":60,"column":8},"end":{"line":60,"column":27}},"7":{"start":{"line":61,"column":8},"end":{"line":61,"column":27}},"8":{"start":{"line":80,"column":8},"end":{"line":80,"column":2150}},"9":{"start":{"line":81,"column":12},"end":{"line":81,"column":39}},"10":{"start":{"line":84,"column":8},"end":{"line":84,"column":35}},"11":{"start":{"line":87,"column":8},"end":{"line":87,"column":53}},"12":{"start":{"line":89,"column":8},"end":{"line":89,"column":41}},"13":{"start":{"line":90,"column":8},"end":{"line":90,"column":19}},"14":{"start":{"line":109,"column":8},"end":{"line":109,"column":51}},"15":{"start":{"line":110,"column":8},"end":{"line":110,"column":43}},"16":{"start":{"line":110,"column":31},"end":{"line":110,"column":43}},"17":{"start":{"line":112,"column":8},"end":{"line":112,"column":45}},"18":{"start":{"line":113,"column":8},"end":{"line":113,"column":64}},"19":{"start":{"line":115,"column":8},"end":{"line":115,"column":65}},"20":{"start":{"line":116,"column":8},"end":{"line":116,"column":19}},"21":{"start":{"line":134,"column":8},"end":{"line":134,"column":52}},"22":{"start":{"line":135,"column":8},"end":{"line":135,"column":36}},"23":{"start":{"line":137,"column":8},"end":{"line":137,"column":38}},"24":{"start":{"line":139,"column":8},"end":{"line":139,"column":19}},"25":{"start":{"line":147,"column":8},"end":{"line":147,"column":60}},"26":{"start":{"line":148,"column":8},"end":{"line":148,"column":60}},"27":{"start":{"line":149,"column":8},"end":{"line":149,"column":21}},"28":{"start":{"line":157,"column":8},"end":{"line":157,"column":37}},"29":{"start":{"line":158,"column":8},"end":{"line":158,"column":62}},"30":{"start":{"line":159,"column":8},"end":{"line":159,"column":86}},"31":{"start":{"line":167,"column":8},"end":{"line":167,"column":30}},"32":{"start":{"line":175,"column":8},"end":{"line":175,"column":33}},"33":{"start":{"line":183,"column":8},"end":{"line":183,"column":38}},"34":{"start":{"line":192,"column":9},"end":{"line":192,"column":52}},"35":{"start":{"line":193,"column":9},"end":{"line":193,"column":44}},"36":{"start":{"line":193,"column":32},"end":{"line":193,"column":44}},"37":{"start":{"line":194,"column":9},"end":{"line":194,"column":5361}},"38":{"start":{"line":200,"column":8},"end":{"line":200,"column":5496}},"39":{"start":{"line":206,"column":8},"end":{"line":206,"column":5632}},"40":{"start":{"line":212,"column":8},"end":{"line":212,"column":5806}},"41":{"start":{"line":218,"column":8},"end":{"line":218,"column":5955}}},"branchMap":{"1":{"line":80,"type":"if","locations":[{"start":{"line":80,"column":8},"end":{"line":80,"column":8}},{"start":{"line":80,"column":8},"end":{"line":80,"column":8}}]},"2":{"line":110,"type":"if","locations":[{"start":{"line":110,"column":8},"end":{"line":110,"column":8}},{"start":{"line":110,"column":8},"end":{"line":110,"column":8}}]},"3":{"line":193,"type":"if","locations":[{"start":{"line":193,"column":9},"end":{"line":193,"column":9}},{"start":{"line":193,"column":9},"end":{"line":193,"column":9}}]},"4":{"line":200,"type":"if","locations":[{"start":{"line":200,"column":8},"end":{"line":200,"column":8}},{"start":{"line":200,"column":8},"end":{"line":200,"column":8}}]},"5":{"line":206,"type":"if","locations":[{"start":{"line":206,"column":8},"end":{"line":206,"column":8}},{"start":{"line":206,"column":8},"end":{"line":206,"column":8}}]},"6":{"line":212,"type":"if","locations":[{"start":{"line":212,"column":8},"end":{"line":212,"column":8}},{"start":{"line":212,"column":8},"end":{"line":212,"column":8}}]},"7":{"line":218,"type":"if","locations":[{"start":{"line":218,"column":8},"end":{"line":218,"column":8}},{"start":{"line":218,"column":8},"end":{"line":218,"column":8}}]}}},"contracts\\ISeedToken.sol":{"l":{},"path":"C:\\Github\\SeedFarm\\contracts\\ISeedToken.sol","s":{},"b":{},"f":{},"fnMap":{},"statementMap":{},"branchMap":{}},"contracts\\SeedToken.sol":{"l":{"11":3,"15":0},"path":"C:\\Github\\SeedFarm\\contracts\\SeedToken.sol","s":{"1":3,"2":0},"b":{},"f":{"1":3,"2":0},"fnMap":{"1":{"name":"constructor","line":10,"loc":{"start":{"line":10,"column":4},"end":{"line":12,"column":4}}},"2":{"name":"mint","line":14,"loc":{"start":{"line":14,"column":4},"end":{"line":16,"column":4}}}},"statementMap":{"1":{"start":{"line":11,"column":8},"end":{"line":11,"column":49}},"2":{"start":{"line":15,"column":8},"end":{"line":15,"column":24}}},"branchMap":{}}}