{"contracts\\Builder.sol":{"l":{"67":12,"69":12,"70":12,"71":12,"73":12,"75":12,"77":12,"78":12,"79":12,"80":12,"81":12,"105":6,"106":6,"107":6,"109":6,"110":6,"111":6,"112":6,"113":6,"114":6,"116":6,"117":6,"136":1,"137":1,"139":1,"140":1,"142":1,"143":1,"144":1,"145":1,"146":1,"149":1,"150":1,"168":3,"170":3,"171":3,"172":3,"173":3,"174":3,"176":3,"177":3,"187":4,"192":4,"197":4,"209":4,"210":4,"221":4,"222":4,"223":0,"225":4,"233":1,"234":1,"235":1,"236":1,"251":0,"252":0,"254":0,"262":2,"270":2,"278":0,"286":3,"294":1,"302":3,"312":0,"315":0,"323":0,"325":0,"333":1,"335":1,"343":10,"345":8,"353":8,"355":6,"363":4,"365":4,"373":14,"375":10,"383":6,"385":4,"393":0,"395":0},"path":"C:\\Github\\SeedFarm\\contracts\\Builder.sol","s":{"1":12,"2":12,"3":12,"4":12,"5":12,"6":12,"7":12,"8":12,"9":12,"10":12,"11":12,"12":6,"13":6,"14":6,"15":6,"16":6,"17":6,"18":6,"19":6,"20":6,"21":6,"22":1,"23":1,"24":1,"25":1,"26":1,"27":1,"28":1,"29":1,"30":1,"31":1,"32":3,"33":3,"34":3,"35":3,"36":3,"37":3,"38":3,"39":3,"40":4,"41":4,"42":4,"43":4,"44":4,"45":4,"46":4,"47":0,"48":4,"49":1,"50":1,"51":1,"52":1,"53":0,"54":0,"55":0,"56":2,"57":2,"58":0,"59":3,"60":1,"61":3,"62":0,"63":0,"64":0,"65":1,"66":10,"67":8,"68":4,"69":14,"70":6,"71":0},"b":{"1":[6,0],"2":[1,0],"3":[0,4],"4":[0,0],"5":[1,0],"6":[8,2],"7":[6,2],"8":[4,0],"9":[10,4],"10":[4,2],"11":[0,0]},"f":{"1":12,"2":6,"3":1,"4":3,"5":4,"6":4,"7":4,"8":1,"9":0,"10":2,"11":2,"12":0,"13":3,"14":1,"15":3,"16":0,"17":0,"18":1,"19":10,"20":8,"21":4,"22":14,"23":6,"24":0},"fnMap":{"1":{"name":"constructor","line":63,"loc":{"start":{"line":63,"column":4},"end":{"line":83,"column":4}}},"2":{"name":"placeStructure","line":103,"loc":{"start":{"line":102,"column":4},"end":{"line":118,"column":4}}},"3":{"name":"removeStructure","line":134,"loc":{"start":{"line":133,"column":4},"end":{"line":151,"column":4}}},"4":{"name":"withdrawTileYield","line":166,"loc":{"start":{"line":165,"column":4},"end":{"line":178,"column":4}}},"5":{"name":"pendingYield","line":185,"loc":{"start":{"line":184,"column":4},"end":{"line":198,"column":4}}},"6":{"name":"calculateYieldTime","line":207,"loc":{"start":{"line":207,"column":4},"end":{"line":211,"column":4}}},"7":{"name":"calculateReward","line":216,"loc":{"start":{"line":216,"column":4},"end":{"line":226,"column":4}}},"8":{"name":"collectSpecial","line":232,"loc":{"start":{"line":232,"column":4},"end":{"line":237,"column":4}}},"9":{"name":"addStructure","line":249,"loc":{"start":{"line":247,"column":5},"end":{"line":255,"column":5}}},"10":{"name":"getMap","line":261,"loc":{"start":{"line":261,"column":4},"end":{"line":263,"column":4}}},"11":{"name":"getHouses","line":269,"loc":{"start":{"line":269,"column":4},"end":{"line":271,"column":4}}},"12":{"name":"getStructure","line":277,"loc":{"start":{"line":277,"column":4},"end":{"line":279,"column":4}}},"13":{"name":"getIsStaking","line":285,"loc":{"start":{"line":285,"column":4},"end":{"line":287,"column":4}}},"14":{"name":"getStaked","line":293,"loc":{"start":{"line":293,"column":4},"end":{"line":295,"column":4}}},"15":{"name":"getStakedTime","line":301,"loc":{"start":{"line":301,"column":4},"end":{"line":303,"column":4}}},"16":{"name":"isReadyForWithdraw","line":311,"loc":{"start":{"line":310,"column":5},"end":{"line":316,"column":5}}},"17":{"name":"onlyOwner","line":322,"loc":{"start":{"line":322,"column":4},"end":{"line":326,"column":4}}},"18":{"name":"onlyReceiver","line":332,"loc":{"start":{"line":332,"column":4},"end":{"line":336,"column":4}}},"19":{"name":"priced","line":342,"loc":{"start":{"line":342,"column":4},"end":{"line":346,"column":4}}},"20":{"name":"unique","line":352,"loc":{"start":{"line":352,"column":4},"end":{"line":356,"column":4}}},"21":{"name":"notSpecial","line":362,"loc":{"start":{"line":362,"column":4},"end":{"line":366,"column":4}}},"22":{"name":"staking","line":372,"loc":{"start":{"line":372,"column":4},"end":{"line":376,"column":4}}},"23":{"name":"notEmpty","line":382,"loc":{"start":{"line":382,"column":4},"end":{"line":386,"column":4}}},"24":{"name":"notLocked","line":392,"loc":{"start":{"line":392,"column":4},"end":{"line":396,"column":4}}}},"statementMap":{"1":{"start":{"line":67,"column":8},"end":{"line":67,"column":26}},"2":{"start":{"line":69,"column":8},"end":{"line":69,"column":19}},"3":{"start":{"line":70,"column":8},"end":{"line":70,"column":27}},"4":{"start":{"line":71,"column":8},"end":{"line":71,"column":27}},"5":{"start":{"line":73,"column":8},"end":{"line":73,"column":27}},"6":{"start":{"line":75,"column":8},"end":{"line":75,"column":35}},"7":{"start":{"line":77,"column":8},"end":{"line":77,"column":48}},"8":{"start":{"line":78,"column":8},"end":{"line":78,"column":30}},"9":{"start":{"line":79,"column":8},"end":{"line":79,"column":27}},"10":{"start":{"line":80,"column":8},"end":{"line":80,"column":27}},"11":{"start":{"line":81,"column":8},"end":{"line":81,"column":26}},"12":{"start":{"line":105,"column":8},"end":{"line":105,"column":59}},"13":{"start":{"line":106,"column":8},"end":{"line":106,"column":2948}},"14":{"start":{"line":107,"column":12},"end":{"line":107,"column":41}},"15":{"start":{"line":109,"column":8},"end":{"line":109,"column":37}},"16":{"start":{"line":111,"column":8},"end":{"line":111,"column":54}},"17":{"start":{"line":112,"column":8},"end":{"line":112,"column":57}},"18":{"start":{"line":113,"column":8},"end":{"line":113,"column":81}},"19":{"start":{"line":114,"column":8},"end":{"line":114,"column":46}},"20":{"start":{"line":116,"column":8},"end":{"line":116,"column":41}},"21":{"start":{"line":117,"column":8},"end":{"line":117,"column":19}},"22":{"start":{"line":136,"column":8},"end":{"line":136,"column":59}},"23":{"start":{"line":137,"column":8},"end":{"line":137,"column":53}},"24":{"start":{"line":139,"column":8},"end":{"line":139,"column":45}},"25":{"start":{"line":140,"column":8},"end":{"line":140,"column":69}},"26":{"start":{"line":142,"column":8},"end":{"line":142,"column":34}},"27":{"start":{"line":144,"column":8},"end":{"line":144,"column":63}},"28":{"start":{"line":145,"column":8},"end":{"line":145,"column":4315}},"29":{"start":{"line":146,"column":12},"end":{"line":146,"column":42}},"30":{"start":{"line":149,"column":8},"end":{"line":149,"column":66}},"31":{"start":{"line":150,"column":8},"end":{"line":150,"column":19}},"32":{"start":{"line":168,"column":8},"end":{"line":168,"column":59}},"33":{"start":{"line":170,"column":8},"end":{"line":170,"column":49}},"34":{"start":{"line":171,"column":8},"end":{"line":171,"column":57}},"35":{"start":{"line":172,"column":8},"end":{"line":172,"column":54}},"36":{"start":{"line":173,"column":8},"end":{"line":173,"column":54}},"37":{"start":{"line":174,"column":8},"end":{"line":174,"column":44}},"38":{"start":{"line":176,"column":8},"end":{"line":176,"column":51}},"39":{"start":{"line":177,"column":8},"end":{"line":177,"column":19}},"40":{"start":{"line":187,"column":8},"end":{"line":187,"column":5587}},"41":{"start":{"line":192,"column":8},"end":{"line":192,"column":5751}},"42":{"start":{"line":197,"column":8},"end":{"line":197,"column":21}},"43":{"start":{"line":209,"column":8},"end":{"line":209,"column":51}},"44":{"start":{"line":210,"column":8},"end":{"line":210,"column":54}},"45":{"start":{"line":221,"column":8},"end":{"line":221,"column":51}},"46":{"start":{"line":222,"column":8},"end":{"line":222,"column":6687}},"47":{"start":{"line":223,"column":12},"end":{"line":223,"column":38}},"48":{"start":{"line":225,"column":8},"end":{"line":225,"column":21}},"49":{"start":{"line":233,"column":8},"end":{"line":233,"column":46}},"50":{"start":{"line":234,"column":8},"end":{"line":234,"column":34}},"51":{"start":{"line":235,"column":8},"end":{"line":235,"column":30}},"52":{"start":{"line":236,"column":8},"end":{"line":236,"column":19}},"53":{"start":{"line":251,"column":8},"end":{"line":251,"column":71}},"54":{"start":{"line":252,"column":8},"end":{"line":252,"column":36}},"55":{"start":{"line":254,"column":8},"end":{"line":254,"column":19}},"56":{"start":{"line":262,"column":8},"end":{"line":262,"column":39}},"57":{"start":{"line":270,"column":8},"end":{"line":270,"column":47}},"58":{"start":{"line":278,"column":8},"end":{"line":278,"column":32}},"59":{"start":{"line":286,"column":8},"end":{"line":286,"column":45}},"60":{"start":{"line":294,"column":8},"end":{"line":294,"column":42}},"61":{"start":{"line":302,"column":8},"end":{"line":302,"column":54}},"62":{"start":{"line":312,"column":8},"end":{"line":312,"column":9114}},"63":{"start":{"line":315,"column":8},"end":{"line":315,"column":52}},"64":{"start":{"line":323,"column":8},"end":{"line":323,"column":9413}},"65":{"start":{"line":333,"column":8},"end":{"line":333,"column":9624}},"66":{"start":{"line":343,"column":8},"end":{"line":343,"column":9836}},"67":{"start":{"line":353,"column":8},"end":{"line":353,"column":10090}},"68":{"start":{"line":363,"column":8},"end":{"line":363,"column":10331}},"69":{"start":{"line":373,"column":8},"end":{"line":373,"column":10566}},"70":{"start":{"line":383,"column":8},"end":{"line":383,"column":10791}},"71":{"start":{"line":393,"column":8},"end":{"line":393,"column":11023}}},"branchMap":{"1":{"line":106,"type":"if","locations":[{"start":{"line":106,"column":8},"end":{"line":106,"column":8}},{"start":{"line":106,"column":8},"end":{"line":106,"column":8}}]},"2":{"line":145,"type":"if","locations":[{"start":{"line":145,"column":8},"end":{"line":145,"column":8}},{"start":{"line":145,"column":8},"end":{"line":145,"column":8}}]},"3":{"line":222,"type":"if","locations":[{"start":{"line":222,"column":8},"end":{"line":222,"column":8}},{"start":{"line":222,"column":8},"end":{"line":222,"column":8}}]},"4":{"line":323,"type":"if","locations":[{"start":{"line":323,"column":8},"end":{"line":323,"column":8}},{"start":{"line":323,"column":8},"end":{"line":323,"column":8}}]},"5":{"line":333,"type":"if","locations":[{"start":{"line":333,"column":8},"end":{"line":333,"column":8}},{"start":{"line":333,"column":8},"end":{"line":333,"column":8}}]},"6":{"line":343,"type":"if","locations":[{"start":{"line":343,"column":8},"end":{"line":343,"column":8}},{"start":{"line":343,"column":8},"end":{"line":343,"column":8}}]},"7":{"line":353,"type":"if","locations":[{"start":{"line":353,"column":8},"end":{"line":353,"column":8}},{"start":{"line":353,"column":8},"end":{"line":353,"column":8}}]},"8":{"line":363,"type":"if","locations":[{"start":{"line":363,"column":8},"end":{"line":363,"column":8}},{"start":{"line":363,"column":8},"end":{"line":363,"column":8}}]},"9":{"line":373,"type":"if","locations":[{"start":{"line":373,"column":8},"end":{"line":373,"column":8}},{"start":{"line":373,"column":8},"end":{"line":373,"column":8}}]},"10":{"line":383,"type":"if","locations":[{"start":{"line":383,"column":8},"end":{"line":383,"column":8}},{"start":{"line":383,"column":8},"end":{"line":383,"column":8}}]},"11":{"line":393,"type":"if","locations":[{"start":{"line":393,"column":8},"end":{"line":393,"column":8}},{"start":{"line":393,"column":8},"end":{"line":393,"column":8}}]}}},"contracts\\mocks\\MockBuilder.sol":{"l":{"14":4,"18":3,"19":3,"20":3,"24":1,"28":1,"32":3,"34":3},"path":"C:\\Github\\SeedFarm\\contracts\\mocks\\MockBuilder.sol","s":{"1":4,"2":3,"3":3,"4":3,"5":1,"6":1,"7":3},"b":{"1":[3,0]},"f":{"1":4,"2":3,"3":1,"4":1,"5":3},"fnMap":{"1":{"name":"constructor","line":13,"loc":{"start":{"line":13,"column":4},"end":{"line":15,"column":4}}},"2":{"name":"collectSpecial","line":17,"loc":{"start":{"line":17,"column":4},"end":{"line":21,"column":4}}},"3":{"name":"isSpecial","line":23,"loc":{"start":{"line":23,"column":4},"end":{"line":25,"column":4}}},"4":{"name":"map","line":27,"loc":{"start":{"line":27,"column":4},"end":{"line":29,"column":4}}},"5":{"name":"onlyReceiver","line":31,"loc":{"start":{"line":31,"column":4},"end":{"line":35,"column":4}}}},"statementMap":{"1":{"start":{"line":14,"column":8},"end":{"line":14,"column":27}},"2":{"start":{"line":18,"column":8},"end":{"line":18,"column":33}},"3":{"start":{"line":19,"column":8},"end":{"line":19,"column":36}},"4":{"start":{"line":20,"column":8},"end":{"line":20,"column":19}},"5":{"start":{"line":24,"column":8},"end":{"line":24,"column":34}},"6":{"start":{"line":28,"column":8},"end":{"line":28,"column":34}},"7":{"start":{"line":32,"column":8},"end":{"line":32,"column":865}}},"branchMap":{"1":{"line":32,"type":"if","locations":[{"start":{"line":32,"column":8},"end":{"line":32,"column":8}},{"start":{"line":32,"column":8},"end":{"line":32,"column":8}}]}}},"contracts\\mocks\\MockItem.sol":{"l":{"23":4,"24":4,"25":4,"26":4,"27":4,"28":4,"29":4,"30":4,"31":4,"32":4,"36":0,"47":24,"49":24,"50":20,"51":20,"52":0,"54":20,"58":24,"59":0,"60":0,"61":0,"63":0,"71":0,"72":0,"73":0,"79":0,"80":0,"84":0,"88":0,"93":0,"98":0,"102":0},"path":"C:\\Github\\SeedFarm\\contracts\\mocks\\MockItem.sol","s":{"1":4,"2":4,"3":4,"4":4,"5":4,"6":4,"7":4,"8":4,"9":4,"10":4,"11":0,"12":24,"13":24,"14":20,"15":20,"16":0,"17":20,"18":24,"19":0,"20":0,"21":0,"22":0,"23":0,"24":0,"25":0,"26":0,"27":0,"28":0,"29":0,"30":0,"31":0},"b":{"1":[20,4],"2":[0,20],"3":[0,24],"4":[0,0],"5":[0,0]},"f":{"1":4,"2":0,"3":24,"4":0,"5":0,"6":0,"7":0,"8":0,"9":0},"fnMap":{"1":{"name":"constructor","line":22,"loc":{"start":{"line":22,"column":4},"end":{"line":33,"column":4}}},"2":{"name":"setBuilder","line":35,"loc":{"start":{"line":35,"column":4},"end":{"line":37,"column":4}}},"3":{"name":"_beforeTokenTransfer","line":39,"loc":{"start":{"line":39,"column":5},"end":{"line":67,"column":4}}},"4":{"name":"mint","line":70,"loc":{"start":{"line":69,"column":4},"end":{"line":74,"column":4}}},"5":{"name":"increaseMaxSupply","line":77,"loc":{"start":{"line":76,"column":4},"end":{"line":81,"column":4}}},"6":{"name":"maxSupply","line":83,"loc":{"start":{"line":83,"column":4},"end":{"line":85,"column":4}}},"7":{"name":"totalSupply","line":87,"loc":{"start":{"line":87,"column":4},"end":{"line":89,"column":4}}},"8":{"name":"_randomValue","line":91,"loc":{"start":{"line":91,"column":5},"end":{"line":95,"column":4}}},"9":{"name":"onlyOwnerBuilder","line":97,"loc":{"start":{"line":97,"column":4},"end":{"line":103,"column":4}}}},"statementMap":{"1":{"start":{"line":23,"column":8},"end":{"line":23,"column":30}},"2":{"start":{"line":24,"column":8},"end":{"line":24,"column":31}},"3":{"start":{"line":25,"column":8},"end":{"line":25,"column":30}},"4":{"start":{"line":26,"column":8},"end":{"line":26,"column":31}},"5":{"start":{"line":27,"column":8},"end":{"line":27,"column":29}},"6":{"start":{"line":28,"column":8},"end":{"line":28,"column":31}},"7":{"start":{"line":29,"column":8},"end":{"line":29,"column":32}},"8":{"start":{"line":30,"column":8},"end":{"line":30,"column":31}},"9":{"start":{"line":31,"column":8},"end":{"line":31,"column":32}},"10":{"start":{"line":32,"column":8},"end":{"line":32,"column":30}},"11":{"start":{"line":36,"column":8},"end":{"line":36,"column":25}},"12":{"start":{"line":47,"column":8},"end":{"line":47,"column":73}},"13":{"start":{"line":49,"column":8},"end":{"line":49,"column":1485}},"14":{"start":{"line":50,"column":12},"end":{"line":50,"column":1528}},"15":{"start":{"line":51,"column":16},"end":{"line":51,"column":1592}},"16":{"start":{"line":52,"column":20},"end":{"line":52,"column":68}},"17":{"start":{"line":54,"column":16},"end":{"line":54,"column":49}},"18":{"start":{"line":58,"column":8},"end":{"line":58,"column":1826}},"19":{"start":{"line":59,"column":12},"end":{"line":59,"column":1867}},"20":{"start":{"line":60,"column":16},"end":{"line":60,"column":1931}},"21":{"start":{"line":61,"column":20},"end":{"line":61,"column":43}},"22":{"start":{"line":63,"column":20},"end":{"line":63,"column":53}},"23":{"start":{"line":71,"column":8},"end":{"line":71,"column":35}},"24":{"start":{"line":72,"column":8},"end":{"line":72,"column":37}},"25":{"start":{"line":73,"column":8},"end":{"line":73,"column":19}},"26":{"start":{"line":79,"column":8},"end":{"line":79,"column":27}},"27":{"start":{"line":80,"column":8},"end":{"line":80,"column":19}},"28":{"start":{"line":84,"column":8},"end":{"line":84,"column":29}},"29":{"start":{"line":88,"column":8},"end":{"line":88,"column":31}},"30":{"start":{"line":93,"column":8},"end":{"line":93,"column":2867}},"31":{"start":{"line":98,"column":8},"end":{"line":98,"column":3032}}},"branchMap":{"1":{"line":49,"type":"if","locations":[{"start":{"line":49,"column":8},"end":{"line":49,"column":8}},{"start":{"line":49,"column":8},"end":{"line":49,"column":8}}]},"2":{"line":51,"type":"if","locations":[{"start":{"line":51,"column":16},"end":{"line":51,"column":16}},{"start":{"line":51,"column":16},"end":{"line":51,"column":16}}]},"3":{"line":58,"type":"if","locations":[{"start":{"line":58,"column":8},"end":{"line":58,"column":8}},{"start":{"line":58,"column":8},"end":{"line":58,"column":8}}]},"4":{"line":60,"type":"if","locations":[{"start":{"line":60,"column":16},"end":{"line":60,"column":16}},{"start":{"line":60,"column":16},"end":{"line":60,"column":16}}]},"5":{"line":98,"type":"if","locations":[{"start":{"line":98,"column":8},"end":{"line":98,"column":8}},{"start":{"line":98,"column":8},"end":{"line":98,"column":8}}]}}},"contracts\\mocks\\MockReceiver.sol":{"l":{"13":9,"17":1,"18":1},"path":"C:\\Github\\SeedFarm\\contracts\\mocks\\MockReceiver.sol","s":{"1":9,"2":1,"3":1},"b":{},"f":{"1":9,"2":1},"fnMap":{"1":{"name":"setBuilder","line":12,"loc":{"start":{"line":12,"column":4},"end":{"line":14,"column":4}}},"2":{"name":"collectSpecial","line":16,"loc":{"start":{"line":16,"column":4},"end":{"line":19,"column":4}}}},"statementMap":{"1":{"start":{"line":13,"column":8},"end":{"line":13,"column":25}},"2":{"start":{"line":17,"column":8},"end":{"line":17,"column":54}},"3":{"start":{"line":18,"column":8},"end":{"line":18,"column":19}}},"branchMap":{}},"contracts\\SeedItem.sol":{"l":{"23":13,"24":13,"25":13,"26":13,"27":13,"28":13,"29":13,"30":13,"31":13,"32":13,"36":0,"40":0,"51":71,"53":71,"54":71,"55":71,"56":0,"58":71,"62":71,"63":0,"64":0,"65":0,"67":0,"75":6,"76":6,"77":6,"83":0,"84":0,"88":0,"92":0,"97":6,"102":6,"106":6},"path":"C:\\Github\\SeedFarm\\contracts\\SeedItem.sol","s":{"1":13,"2":13,"3":13,"4":13,"5":13,"6":13,"7":13,"8":13,"9":13,"10":13,"11":0,"12":0,"13":71,"14":71,"15":71,"16":71,"17":0,"18":71,"19":71,"20":0,"21":0,"22":0,"23":0,"24":6,"25":6,"26":6,"27":0,"28":0,"29":0,"30":0,"31":6,"32":6},"b":{"1":[71,0],"2":[0,71],"3":[0,71],"4":[0,0],"5":[6,0]},"f":{"1":13,"2":0,"3":0,"4":71,"5":6,"6":0,"7":0,"8":0,"9":6,"10":6},"fnMap":{"1":{"name":"constructor","line":22,"loc":{"start":{"line":22,"column":4},"end":{"line":33,"column":4}}},"2":{"name":"setBuilder","line":35,"loc":{"start":{"line":35,"column":4},"end":{"line":37,"column":4}}},"3":{"name":"setURI","line":39,"loc":{"start":{"line":39,"column":4},"end":{"line":41,"column":4}}},"4":{"name":"_beforeTokenTransfer","line":43,"loc":{"start":{"line":43,"column":5},"end":{"line":71,"column":4}}},"5":{"name":"mint","line":74,"loc":{"start":{"line":73,"column":4},"end":{"line":78,"column":4}}},"6":{"name":"increaseMaxSupply","line":81,"loc":{"start":{"line":80,"column":4},"end":{"line":85,"column":4}}},"7":{"name":"maxSupply","line":87,"loc":{"start":{"line":87,"column":4},"end":{"line":89,"column":4}}},"8":{"name":"totalSupply","line":91,"loc":{"start":{"line":91,"column":4},"end":{"line":93,"column":4}}},"9":{"name":"_randomValue","line":95,"loc":{"start":{"line":95,"column":5},"end":{"line":99,"column":4}}},"10":{"name":"onlyOwnerBuilder","line":101,"loc":{"start":{"line":101,"column":4},"end":{"line":107,"column":4}}}},"statementMap":{"1":{"start":{"line":23,"column":8},"end":{"line":23,"column":29}},"2":{"start":{"line":24,"column":8},"end":{"line":24,"column":30}},"3":{"start":{"line":25,"column":8},"end":{"line":25,"column":29}},"4":{"start":{"line":26,"column":8},"end":{"line":26,"column":30}},"5":{"start":{"line":27,"column":8},"end":{"line":27,"column":28}},"6":{"start":{"line":28,"column":8},"end":{"line":28,"column":42}},"7":{"start":{"line":29,"column":8},"end":{"line":29,"column":43}},"8":{"start":{"line":30,"column":8},"end":{"line":30,"column":42}},"9":{"start":{"line":31,"column":8},"end":{"line":31,"column":43}},"10":{"start":{"line":32,"column":8},"end":{"line":32,"column":41}},"11":{"start":{"line":36,"column":8},"end":{"line":36,"column":25}},"12":{"start":{"line":40,"column":8},"end":{"line":40,"column":22}},"13":{"start":{"line":51,"column":8},"end":{"line":51,"column":73}},"14":{"start":{"line":53,"column":8},"end":{"line":53,"column":1622}},"15":{"start":{"line":54,"column":12},"end":{"line":54,"column":1665}},"16":{"start":{"line":55,"column":16},"end":{"line":55,"column":1729}},"17":{"start":{"line":56,"column":20},"end":{"line":56,"column":68}},"18":{"start":{"line":58,"column":16},"end":{"line":58,"column":49}},"19":{"start":{"line":62,"column":8},"end":{"line":62,"column":1963}},"20":{"start":{"line":63,"column":12},"end":{"line":63,"column":2004}},"21":{"start":{"line":64,"column":16},"end":{"line":64,"column":2068}},"22":{"start":{"line":65,"column":20},"end":{"line":65,"column":43}},"23":{"start":{"line":67,"column":20},"end":{"line":67,"column":53}},"24":{"start":{"line":75,"column":8},"end":{"line":75,"column":35}},"25":{"start":{"line":76,"column":8},"end":{"line":76,"column":37}},"26":{"start":{"line":77,"column":8},"end":{"line":77,"column":19}},"27":{"start":{"line":83,"column":8},"end":{"line":83,"column":27}},"28":{"start":{"line":84,"column":8},"end":{"line":84,"column":19}},"29":{"start":{"line":88,"column":8},"end":{"line":88,"column":29}},"30":{"start":{"line":92,"column":8},"end":{"line":92,"column":31}},"31":{"start":{"line":97,"column":8},"end":{"line":97,"column":3004}},"32":{"start":{"line":102,"column":8},"end":{"line":102,"column":3169}}},"branchMap":{"1":{"line":53,"type":"if","locations":[{"start":{"line":53,"column":8},"end":{"line":53,"column":8}},{"start":{"line":53,"column":8},"end":{"line":53,"column":8}}]},"2":{"line":55,"type":"if","locations":[{"start":{"line":55,"column":16},"end":{"line":55,"column":16}},{"start":{"line":55,"column":16},"end":{"line":55,"column":16}}]},"3":{"line":62,"type":"if","locations":[{"start":{"line":62,"column":8},"end":{"line":62,"column":8}},{"start":{"line":62,"column":8},"end":{"line":62,"column":8}}]},"4":{"line":64,"type":"if","locations":[{"start":{"line":64,"column":16},"end":{"line":64,"column":16}},{"start":{"line":64,"column":16},"end":{"line":64,"column":16}}]},"5":{"line":102,"type":"if","locations":[{"start":{"line":102,"column":8},"end":{"line":102,"column":8}},{"start":{"line":102,"column":8},"end":{"line":102,"column":8}}]}}},"contracts\\SeedItemReceiver.sol":{"l":{"13":0,"25":5,"29":4,"39":3,"40":3,"50":1,"51":2,"53":1,"57":3,"61":0,"65":3,"68":3,"69":3,"70":3,"74":3,"76":3},"path":"C:\\Github\\SeedFarm\\contracts\\SeedItemReceiver.sol","s":{"1":0,"2":5,"3":4,"4":3,"5":3,"6":1,"7":2,"8":1,"9":3,"10":0,"11":3,"12":0,"13":3,"14":3,"15":3,"16":3},"b":{"1":[0,3],"2":[3,0]},"f":{"1":0,"2":5,"3":4,"4":3,"5":1,"6":3,"7":0,"8":3,"9":3},"fnMap":{"1":{"name":"supportsInterface","line":12,"loc":{"start":{"line":12,"column":5},"end":{"line":14,"column":4}}},"2":{"name":"setBuilder","line":24,"loc":{"start":{"line":24,"column":4},"end":{"line":26,"column":4}}},"3":{"name":"setItem","line":28,"loc":{"start":{"line":28,"column":4},"end":{"line":30,"column":4}}},"4":{"name":"onERC1155Received","line":32,"loc":{"start":{"line":32,"column":5},"end":{"line":41,"column":4}}},"5":{"name":"onERC1155BatchReceived","line":43,"loc":{"start":{"line":43,"column":4},"end":{"line":54,"column":4}}},"6":{"name":"funds","line":56,"loc":{"start":{"line":56,"column":4},"end":{"line":58,"column":4}}},"7":{"name":"isSpecialCollected","line":60,"loc":{"start":{"line":60,"column":4},"end":{"line":62,"column":4}}},"8":{"name":"collectSpecial","line":64,"loc":{"start":{"line":63,"column":4},"end":{"line":71,"column":4}}},"9":{"name":"specialNotCollected","line":73,"loc":{"start":{"line":73,"column":4},"end":{"line":77,"column":4}}}},"statementMap":{"1":{"start":{"line":13,"column":8},"end":{"line":13,"column":104}},"2":{"start":{"line":25,"column":8},"end":{"line":25,"column":25}},"3":{"start":{"line":29,"column":8},"end":{"line":29,"column":19}},"4":{"start":{"line":39,"column":8},"end":{"line":39,"column":31}},"5":{"start":{"line":40,"column":8},"end":{"line":40,"column":46}},"6":{"start":{"line":50,"column":8},"end":{"line":50,"column":1535}},"7":{"start":{"line":51,"column":12},"end":{"line":51,"column":43}},"8":{"start":{"line":53,"column":8},"end":{"line":53,"column":51}},"9":{"start":{"line":57,"column":8},"end":{"line":57,"column":34}},"10":{"start":{"line":61,"column":8},"end":{"line":61,"column":43}},"11":{"start":{"line":65,"column":8},"end":{"line":65,"column":2152}},"12":{"start":{"line":67,"column":38},"end":{"line":67,"column":72}},"13":{"start":{"line":68,"column":8},"end":{"line":68,"column":42}},"14":{"start":{"line":69,"column":8},"end":{"line":69,"column":54}},"15":{"start":{"line":70,"column":8},"end":{"line":70,"column":19}},"16":{"start":{"line":74,"column":8},"end":{"line":74,"column":2489}}},"branchMap":{"1":{"line":65,"type":"if","locations":[{"start":{"line":65,"column":8},"end":{"line":65,"column":8}},{"start":{"line":65,"column":8},"end":{"line":65,"column":8}}]},"2":{"line":74,"type":"if","locations":[{"start":{"line":74,"column":8},"end":{"line":74,"column":8}},{"start":{"line":74,"column":8},"end":{"line":74,"column":8}}]}}},"contracts\\SeedToken.sol":{"l":{"12":13,"16":19,"17":19,"21":0},"path":"C:\\Github\\SeedFarm\\contracts\\SeedToken.sol","s":{"1":13,"2":19,"3":19,"4":0},"b":{"1":[19,0]},"f":{"1":13,"2":19,"3":0},"fnMap":{"1":{"name":"constructor","line":11,"loc":{"start":{"line":11,"column":4},"end":{"line":13,"column":4}}},"2":{"name":"mint","line":15,"loc":{"start":{"line":15,"column":4},"end":{"line":18,"column":4}}},"3":{"name":"maxSupply","line":20,"loc":{"start":{"line":20,"column":4},"end":{"line":22,"column":4}}}},"statementMap":{"1":{"start":{"line":12,"column":8},"end":{"line":12,"column":40}},"2":{"start":{"line":16,"column":8},"end":{"line":16,"column":79}},"3":{"start":{"line":17,"column":8},"end":{"line":17,"column":24}},"4":{"start":{"line":21,"column":8},"end":{"line":21,"column":25}}},"branchMap":{"1":{"line":16,"type":"if","locations":[{"start":{"line":16,"column":8},"end":{"line":16,"column":8}},{"start":{"line":16,"column":8},"end":{"line":16,"column":8}}]}}}}